Using pre-set license
Built from '2023.2/release' branch; Version is '2023.2.10f1 (316c1fd686f6) revision 3238943'; Using compiler version '193431935'; Build Type 'Release'
OS: 'Windows 11  (10.0.22000) 64bit CoreSingleLanguage' Language: 'en' Physical Memory: 3836 MB
BatchMode: 1, IsHumanControllingUs: 0, StartBugReporterOnCrash: 0, Is64bit: 1, IsPro: 1

COMMAND LINE ARGUMENTS:
D:\Unity 2023.2.10f1\Editor\Unity.exe
-adb2
-batchMode
-noUpm
-name
AssetImportWorker0
-projectPath
D:/BusStopGit/Newest-BusGit/BusStopNoCorrupt
-logFile
Logs/AssetImportWorker0.log
-srvPort
51463
-job-worker-count
1
-background-job-worker-count
8
-asset-garbage-collectors
1
Successfully changed project path to: D:/BusStopGit/Newest-BusGit/BusStopNoCorrupt
D:/BusStopGit/Newest-BusGit/BusStopNoCorrupt
[UnityMemory] Configuration Parameters - Can be set up in boot.config
    "memorysetup-bucket-allocator-granularity=16"
    "memorysetup-bucket-allocator-bucket-count=8"
    "memorysetup-bucket-allocator-block-size=33554432"
    "memorysetup-bucket-allocator-block-count=8"
    "memorysetup-main-allocator-block-size=16777216"
    "memorysetup-thread-allocator-block-size=16777216"
    "memorysetup-gfx-main-allocator-block-size=16777216"
    "memorysetup-gfx-thread-allocator-block-size=16777216"
    "memorysetup-cache-allocator-block-size=4194304"
    "memorysetup-typetree-allocator-block-size=2097152"
    "memorysetup-profiler-bucket-allocator-granularity=16"
    "memorysetup-profiler-bucket-allocator-bucket-count=8"
    "memorysetup-profiler-bucket-allocator-block-size=33554432"
    "memorysetup-profiler-bucket-allocator-block-count=8"
    "memorysetup-profiler-allocator-block-size=16777216"
    "memorysetup-profiler-editor-allocator-block-size=1048576"
    "memorysetup-temp-allocator-size-main=16777216"
    "memorysetup-job-temp-allocator-block-size=2097152"
    "memorysetup-job-temp-allocator-block-size-background=1048576"
    "memorysetup-job-temp-allocator-reduction-small-platforms=262144"
    "memorysetup-allocator-temp-initial-block-size-main=262144"
    "memorysetup-allocator-temp-initial-block-size-worker=262144"
    "memorysetup-temp-allocator-size-background-worker=32768"
    "memorysetup-temp-allocator-size-job-worker=262144"
    "memorysetup-temp-allocator-size-preload-manager=33554432"
    "memorysetup-temp-allocator-size-nav-mesh-worker=65536"
    "memorysetup-temp-allocator-size-audio-worker=65536"
    "memorysetup-temp-allocator-size-cloud-worker=32768"
    "memorysetup-temp-allocator-size-gi-baking-worker=262144"
    "memorysetup-temp-allocator-size-gi-baking-worker=262144"
    "memorysetup-temp-allocator-size-gi-baking-worker=262144"
    "memorysetup-temp-allocator-size-gi-baking-worker=262144"
    "memorysetup-temp-allocator-size-gfx=262144"
Player connection [8804] Host "[IP] 127.0.2.2 [Port] 0 [Flags] 2 [Guid] 3736946294 [EditorId] 3736946294 [Version] 1048832 [Id] WindowsEditor(7,LAPTOP-UI37KU11) [Debug] 1 [PackageName] WindowsEditor [ProjectName] Editor" joined multi-casting on [225.0.0.222:54997]...
Player connection [8804] Host "[IP] 127.0.2.2 [Port] 0 [Flags] 2 [Guid] 3736946294 [EditorId] 3736946294 [Version] 1048832 [Id] WindowsEditor(7,LAPTOP-UI37KU11) [Debug] 1 [PackageName] WindowsEditor [ProjectName] Editor" joined alternative multi-casting on [225.0.0.222:34997]...
JobSystem: Creating JobQueue using job-worker-count value 1
[Physics::Module] Initialized MultithreadedJobDispatcher with 1 workers.
Library Redirect Path: Library/
Refreshing native plugins compatible for Editor in 51.50 ms, found 3 plugins.
Preloading 0 native plugins for Editor in 0.00 ms.
Initialize engine version: 2023.2.10f1 (316c1fd686f6)
[Subsystems] Discovering subsystems at path D:/Unity 2023.2.10f1/Editor/Data/Resources/UnitySubsystems
[Subsystems] Discovering subsystems at path D:/BusStopGit/Newest-BusGit/BusStopNoCorrupt/Assets
GfxDevice: creating device client; kGfxThreadingModeNonThreaded
Direct3D:
    Version:  Direct3D 11.0 [level 11.1]
    Renderer: Intel(R) UHD Graphics (ID=0x8a56)
    Vendor:   Intel
    VRAM:     1918 MB
    Driver:   30.0.100.9864
Initialize mono
Mono path[0] = 'D:/Unity 2023.2.10f1/Editor/Data/Managed'
Mono path[1] = 'D:/Unity 2023.2.10f1/Editor/Data/MonoBleedingEdge/lib/mono/unityjit-win32'
Mono config path = 'D:/Unity 2023.2.10f1/Editor/Data/MonoBleedingEdge/etc'
Using monoOptions --debugger-agent=transport=dt_socket,embedding=1,server=y,suspend=n,address=127.0.0.1:56268
Begin MonoManager ReloadAssembly
Registering precompiled unity dll's ...
Register platform support module: D:/Unity 2023.2.10f1/Editor/Data/PlaybackEngines/WindowsStandaloneSupport/UnityEditor.WindowsStandalone.Extensions.dll
Registered in 0.038413 seconds.
- Loaded All Assemblies, in  4.292 seconds
Native extension for WindowsStandalone target not found
Mono: successfully reloaded assembly
- Finished resetting the current domain, in  2.619 seconds
Domain Reload Profiling: 6921ms
	BeginReloadAssembly (1994ms)
		ExecutionOrderSort (0ms)
		DisableScriptedObjects (0ms)
		BackupInstance (0ms)
		ReleaseScriptingObjects (0ms)
		CreateAndSetChildDomain (3ms)
	RebuildCommonClasses (452ms)
	RebuildNativeTypeToScriptingClass (101ms)
	initialDomainReloadingComplete (387ms)
	LoadAllAssembliesAndSetupDomain (1352ms)
		LoadAssemblies (2005ms)
		RebuildTransferFunctionScriptingTraits (0ms)
		AnalyzeDomain (1329ms)
			TypeCache.Refresh (1316ms)
				TypeCache.ScanAssembly (1215ms)
			BuildScriptInfoCaches (0ms)
			ResolveRequiredComponents (9ms)
	FinalizeReload (2635ms)
		ReleaseScriptCaches (0ms)
		RebuildScriptCaches (0ms)
		SetupLoadedEditorAssemblies (2072ms)
			LogAssemblyErrors (0ms)
			InitializePlatformSupportModulesInManaged (16ms)
			SetLoadedEditorAssemblies (10ms)
			BeforeProcessingInitializeOnLoad (15ms)
			ProcessInitializeOnLoadAttributes (1798ms)
			ProcessInitializeOnLoadMethodAttributes (234ms)
			AfterProcessingInitializeOnLoad (0ms)
			EditorAssembliesLoaded (0ms)
		ExecutionOrderSort2 (0ms)
		AwakeInstancesAfterBackupRestoration (0ms)
========================================================================
Worker process is ready to serve import requests
Import Worker Mode flag is 0x00
Begin MonoManager ReloadAssembly
- Loaded All Assemblies, in 13.470 seconds
Refreshing native plugins compatible for Editor in 9.97 ms, found 3 plugins.
Native extension for WindowsStandalone target not found
Package Manager log level set to [2]
[Package Manager] Failed to launch server process. Reason: Unity was launched with the -noUpm command-line argument
[Package Manager] Unable to send message (not connected to server process).
[Package Manager] Cannot connect to Unity Package Manager local server
Mono: successfully reloaded assembly
- Finished resetting the current domain, in 11.755 seconds
Domain Reload Profiling: 25339ms
	BeginReloadAssembly (3967ms)
		ExecutionOrderSort (0ms)
		DisableScriptedObjects (33ms)
		BackupInstance (0ms)
		ReleaseScriptingObjects (0ms)
		CreateAndSetChildDomain (218ms)
	RebuildCommonClasses (79ms)
	RebuildNativeTypeToScriptingClass (29ms)
	initialDomainReloadingComplete (77ms)
	LoadAllAssembliesAndSetupDomain (9316ms)
		LoadAssemblies (7382ms)
		RebuildTransferFunctionScriptingTraits (0ms)
		AnalyzeDomain (2958ms)
			TypeCache.Refresh (2785ms)
				TypeCache.ScanAssembly (2412ms)
			BuildScriptInfoCaches (122ms)
			ResolveRequiredComponents (39ms)
	FinalizeReload (11872ms)
		ReleaseScriptCaches (0ms)
		RebuildScriptCaches (0ms)
		SetupLoadedEditorAssemblies (9293ms)
			LogAssemblyErrors (0ms)
			InitializePlatformSupportModulesInManaged (40ms)
			SetLoadedEditorAssemblies (35ms)
			BeforeProcessingInitializeOnLoad (729ms)
			ProcessInitializeOnLoadAttributes (8053ms)
			ProcessInitializeOnLoadMethodAttributes (420ms)
			AfterProcessingInitializeOnLoad (16ms)
			EditorAssembliesLoaded (1ms)
		ExecutionOrderSort2 (2ms)
		AwakeInstancesAfterBackupRestoration (77ms)
Launched and connected shader compiler UnityShaderCompiler.exe after 0.30 seconds
Refreshing native plugins compatible for Editor in 91.57 ms, found 3 plugins.
Preloading 0 native plugins for Editor in 0.00 ms.
Unloading 134 Unused Serialized files (Serialized files now loaded: 0)
Unloading 3352 unused Assets / (1.7 MB). Loaded Objects now: 4142.
Memory consumption went from 167.6 MB to 165.9 MB.
Total: 1852.410900 ms (FindLiveObjects: 1361.225700 ms CreateObjectMapping: 2.345600 ms MarkObjects: 419.126100 ms  DeleteObjects: 57.572300 ms)

========================================================================
Received Import Request.
  Time since last request: 6393.905541 seconds.
  path: Assets/POLYGON city pack/Materials/Material_meshs/Sign_traffic 5.mat
  artifactKey: Guid(0551d21c07894ae46b712c8e21db8695) Importer(815301076,1909f56bfc062723c751e8b465ee728b)
Start importing Assets/POLYGON city pack/Materials/Material_meshs/Sign_traffic 5.mat using Guid(0551d21c07894ae46b712c8e21db8695) Importer(815301076,1909f56bfc062723c751e8b465ee728b) (PreviewImporter) -> (artifact id: '1a4ff54d346bd7ba95248c9aa9188bb7') in 12.0459987 seconds
Number of updated asset objects reloaded before import = 0Number of asset objects unloaded after import = 2

========================================================================
Received Import Request.
  Time since last request: 0.000369 seconds.
  path: Assets/POLYGON city pack/Materials/Material_meshs/Sideway.mat
  artifactKey: Guid(ade4d9b3b14d5b045884be40b327deb1) Importer(815301076,1909f56bfc062723c751e8b465ee728b)
Start importing Assets/POLYGON city pack/Materials/Material_meshs/Sideway.mat using Guid(ade4d9b3b14d5b045884be40b327deb1) Importer(815301076,1909f56bfc062723c751e8b465ee728b) (PreviewImporter) -> (artifact id: '90b71ee8c0a0a0254ccd075dd6b9d2db') in 0.2784633 seconds
Number of updated asset objects reloaded before import = 0Number of asset objects unloaded after import = 2

========================================================================
Received Import Request.
  Time since last request: 0.000846 seconds.
  path: Assets/POLYGON city pack/Meshes,textures/Shops_FBX/Materials/Stone.mat
  artifactKey: Guid(888d455db8034284ba368aabb44339ff) Importer(815301076,1909f56bfc062723c751e8b465ee728b)
Start importing Assets/POLYGON city pack/Meshes,textures/Shops_FBX/Materials/Stone.mat using Guid(888d455db8034284ba368aabb44339ff) Importer(815301076,1909f56bfc062723c751e8b465ee728b) (PreviewImporter) -> (artifact id: '0d8b0ded4c1e8ed6c574615da674a20d') in 0.0661375 seconds
Number of updated asset objects reloaded before import = 0Number of asset objects unloaded after import = 1

========================================================================
Received Import Request.
  Time since last request: 0.000221 seconds.
  path: Assets/POLYGON city pack/Materials/Material_meshs/speed_limit_sign_70.mat
  artifactKey: Guid(140cf9341d9a6c94cb47fa338e4b9a73) Importer(815301076,1909f56bfc062723c751e8b465ee728b)
Start importing Assets/POLYGON city pack/Materials/Material_meshs/speed_limit_sign_70.mat using Guid(140cf9341d9a6c94cb47fa338e4b9a73) Importer(815301076,1909f56bfc062723c751e8b465ee728b) (PreviewImporter) -> (artifact id: 'f931dd4293c742dc6bd556286d59839d') in 0.1980947 seconds
Number of updated asset objects reloaded before import = 0Number of asset objects unloaded after import = 2

========================================================================
Received Import Request.
  Time since last request: 0.000040 seconds.
  path: Assets/POLYGON city pack/Materials/Material_meshs/Sign_ traffic raod.mat
  artifactKey: Guid(1bf9a498b08aac042ac9add9b9a635cd) Importer(815301076,1909f56bfc062723c751e8b465ee728b)
Start importing Assets/POLYGON city pack/Materials/Material_meshs/Sign_ traffic raod.mat using Guid(1bf9a498b08aac042ac9add9b9a635cd) Importer(815301076,1909f56bfc062723c751e8b465ee728b) (PreviewImporter) -> (artifact id: '5c5a48d7c299439024460c3e364f4c8a') in 0.42496 seconds
Number of updated asset objects reloaded before import = 0Number of asset objects unloaded after import = 2

========================================================================
Received Import Request.
  Time since last request: 0.007189 seconds.
  path: Assets/POLYGON city pack/Materials/Material_meshs/speed_limit_sign_50.mat
  artifactKey: Guid(90dd11efc0b3efc40a8903f17cbb72a2) Importer(815301076,1909f56bfc062723c751e8b465ee728b)
Start importing Assets/POLYGON city pack/Materials/Material_meshs/speed_limit_sign_50.mat using Guid(90dd11efc0b3efc40a8903f17cbb72a2) Importer(815301076,1909f56bfc062723c751e8b465ee728b) (PreviewImporter) -> (artifact id: 'a1eedd8f07df4c642f74506cbfa319f2') in 1.3700733 seconds
Number of updated asset objects reloaded before import = 0Number of asset objects unloaded after import = 2

========================================================================
Received Import Request.
  Time since last request: 0.002873 seconds.
  path: Assets/POLYGON city pack/Meshes,textures/Shops_FBX/Materials/Sign_01.mat
  artifactKey: Guid(07746d192a3be8c42840e281ca0cd1a8) Importer(815301076,1909f56bfc062723c751e8b465ee728b)
Start importing Assets/POLYGON city pack/Meshes,textures/Shops_FBX/Materials/Sign_01.mat using Guid(07746d192a3be8c42840e281ca0cd1a8) Importer(815301076,1909f56bfc062723c751e8b465ee728b) (PreviewImporter) -> (artifact id: '7f229851ec2778cd91cc5927078f27e2') in 0.6169133 seconds
Number of updated asset objects reloaded before import = 0Number of asset objects unloaded after import = 1

========================================================================
Received Import Request.
  Time since last request: 0.000665 seconds.
  path: Assets/POLYGON city pack/Meshes,textures/Buildings_FBX/Materials/Stone.mat
  artifactKey: Guid(b724ceba9cbdae44bb6e685b8c67b6da) Importer(815301076,1909f56bfc062723c751e8b465ee728b)
Start importing Assets/POLYGON city pack/Meshes,textures/Buildings_FBX/Materials/Stone.mat using Guid(b724ceba9cbdae44bb6e685b8c67b6da) Importer(815301076,1909f56bfc062723c751e8b465ee728b) (PreviewImporter) -> (artifact id: '014a6fe3ecb9b3777caa93671203ce09') in 0.2135802 seconds
Number of updated asset objects reloaded before import = 0Number of asset objects unloaded after import = 1

========================================================================
Received Import Request.
  Time since last request: 0.004501 seconds.
  path: Assets/POLYGON city pack/Materials/Material_meshs/shopping cart.mat
  artifactKey: Guid(6f9e936f7882193458b7205f066d95dc) Importer(815301076,1909f56bfc062723c751e8b465ee728b)
Start importing Assets/POLYGON city pack/Materials/Material_meshs/shopping cart.mat using Guid(6f9e936f7882193458b7205f066d95dc) Importer(815301076,1909f56bfc062723c751e8b465ee728b) (PreviewImporter) -> (artifact id: 'c2e4759cb29f2458885de06a210be821') in 1.4707177 seconds
Number of updated asset objects reloaded before import = 0Number of asset objects unloaded after import = 2

Editor requested this worker to shutdown with reason: Scaling down because of idle timeout
AssetImportWorker is now disconnected from the server
Process exiting
Exiting without the bug reporter. Application will terminate with return code 0