Using pre-set license
Built from '2023.2/release' branch; Version is '2023.2.10f1 (316c1fd686f6) revision 3238943'; Using compiler version '193431935'; Build Type 'Release'
OS: 'Windows 11  (10.0.22000) 64bit CoreSingleLanguage' Language: 'en' Physical Memory: 3836 MB
BatchMode: 1, IsHumanControllingUs: 0, StartBugReporterOnCrash: 0, Is64bit: 1, IsPro: 1

COMMAND LINE ARGUMENTS:
D:\Unity 2023.2.10f1\Editor\Unity.exe
-adb2
-batchMode
-noUpm
-name
AssetImportWorker0
-projectPath
D:/BusStopGit/Newest-BusGit/BusStopNoCorrupt
-logFile
Logs/AssetImportWorker0.log
-srvPort
63636
-job-worker-count
1
-background-job-worker-count
8
-asset-garbage-collectors
1
Successfully changed project path to: D:/BusStopGit/Newest-BusGit/BusStopNoCorrupt
D:/BusStopGit/Newest-BusGit/BusStopNoCorrupt
[UnityMemory] Configuration Parameters - Can be set up in boot.config
    "memorysetup-bucket-allocator-granularity=16"
    "memorysetup-bucket-allocator-bucket-count=8"
    "memorysetup-bucket-allocator-block-size=33554432"
    "memorysetup-bucket-allocator-block-count=8"
    "memorysetup-main-allocator-block-size=16777216"
    "memorysetup-thread-allocator-block-size=16777216"
    "memorysetup-gfx-main-allocator-block-size=16777216"
    "memorysetup-gfx-thread-allocator-block-size=16777216"
    "memorysetup-cache-allocator-block-size=4194304"
    "memorysetup-typetree-allocator-block-size=2097152"
    "memorysetup-profiler-bucket-allocator-granularity=16"
    "memorysetup-profiler-bucket-allocator-bucket-count=8"
    "memorysetup-profiler-bucket-allocator-block-size=33554432"
    "memorysetup-profiler-bucket-allocator-block-count=8"
    "memorysetup-profiler-allocator-block-size=16777216"
    "memorysetup-profiler-editor-allocator-block-size=1048576"
    "memorysetup-temp-allocator-size-main=16777216"
    "memorysetup-job-temp-allocator-block-size=2097152"
    "memorysetup-job-temp-allocator-block-size-background=1048576"
    "memorysetup-job-temp-allocator-reduction-small-platforms=262144"
    "memorysetup-allocator-temp-initial-block-size-main=262144"
    "memorysetup-allocator-temp-initial-block-size-worker=262144"
    "memorysetup-temp-allocator-size-background-worker=32768"
    "memorysetup-temp-allocator-size-job-worker=262144"
    "memorysetup-temp-allocator-size-preload-manager=33554432"
    "memorysetup-temp-allocator-size-nav-mesh-worker=65536"
    "memorysetup-temp-allocator-size-audio-worker=65536"
    "memorysetup-temp-allocator-size-cloud-worker=32768"
    "memorysetup-temp-allocator-size-gi-baking-worker=262144"
    "memorysetup-temp-allocator-size-gi-baking-worker=262144"
    "memorysetup-temp-allocator-size-gi-baking-worker=262144"
    "memorysetup-temp-allocator-size-gi-baking-worker=262144"
    "memorysetup-temp-allocator-size-gfx=262144"
Player connection [1384] Host "[IP] 192.168.0.200 [Port] 0 [Flags] 2 [Guid] 847017630 [EditorId] 847017630 [Version] 1048832 [Id] WindowsEditor(7,LAPTOP-UI37KU11) [Debug] 1 [PackageName] WindowsEditor [ProjectName] Editor" joined multi-casting on [225.0.0.222:54997]...
Player connection [1384] Host "[IP] 192.168.0.200 [Port] 0 [Flags] 2 [Guid] 847017630 [EditorId] 847017630 [Version] 1048832 [Id] WindowsEditor(7,LAPTOP-UI37KU11) [Debug] 1 [PackageName] WindowsEditor [ProjectName] Editor" joined alternative multi-casting on [225.0.0.222:34997]...
JobSystem: Creating JobQueue using job-worker-count value 1
[Physics::Module] Initialized MultithreadedJobDispatcher with 1 workers.
Library Redirect Path: Library/
Refreshing native plugins compatible for Editor in 17.30 ms, found 3 plugins.
Preloading 0 native plugins for Editor in 0.00 ms.
Initialize engine version: 2023.2.10f1 (316c1fd686f6)
[Subsystems] Discovering subsystems at path D:/Unity 2023.2.10f1/Editor/Data/Resources/UnitySubsystems
[Subsystems] Discovering subsystems at path D:/BusStopGit/Newest-BusGit/BusStopNoCorrupt/Assets
GfxDevice: creating device client; kGfxThreadingModeNonThreaded
Direct3D:
    Version:  Direct3D 11.0 [level 11.1]
    Renderer: Intel(R) UHD Graphics (ID=0x8a56)
    Vendor:   Intel
    VRAM:     1918 MB
    Driver:   30.0.100.9864
Initialize mono
Mono path[0] = 'D:/Unity 2023.2.10f1/Editor/Data/Managed'
Mono path[1] = 'D:/Unity 2023.2.10f1/Editor/Data/MonoBleedingEdge/lib/mono/unityjit-win32'
Mono config path = 'D:/Unity 2023.2.10f1/Editor/Data/MonoBleedingEdge/etc'
Using monoOptions --debugger-agent=transport=dt_socket,embedding=1,server=y,suspend=n,address=127.0.0.1:56164
Begin MonoManager ReloadAssembly
C:\build\output\Unity-Technologies\mono\mono\metadata\icall.c:1842:
C:\build\output\Unity-Technologies\mono\mono\metadata\icall.c:1842:
C:\build\output\Unity-Technologies\mono\mono\metadata\icall.c:1842:
C:\build\output\Unity-Technologies\mono\mono\metadata\icall.c:1842:
C:\build\output\Unity-Technologies\mono\mono\metadata\icall.c:1842:
C:\build\output\Unity-Technologies\mono\mono\metadata\icall.c:1842:
C:\build\output\Unity-Technologies\mono\mono\metadata\icall.c:1842:
C:\build\output\Unity-Technologies\mono\mono\metadata\icall.c:1842:
C:\build\output\Unity-Technologies\mono\mono\metadata\icall.c:1842:
C:\build\output\Unity-Technologies\mono\mono\metadata\icall.c:1842:
Registering precompiled unity dll's ...
Register platform support module: D:/Unity 2023.2.10f1/Editor/Data/PlaybackEngines/WindowsStandaloneSupport/UnityEditor.WindowsStandalone.Extensions.dll
Registered in 0.014075 seconds.
- Loaded All Assemblies, in  4.198 seconds
Native extension for WindowsStandalone target not found
Mono: successfully reloaded assembly
C:\build\output\Unity-Technologies\mono\mono\metadata\icall.c:1842:
C:\build\output\Unity-Technologies\mono\mono\metadata\icall.c:1842:
- Finished resetting the current domain, in  2.832 seconds
Domain Reload Profiling: 7029ms
	BeginReloadAssembly (2256ms)
		ExecutionOrderSort (0ms)
		DisableScriptedObjects (0ms)
		BackupInstance (0ms)
		ReleaseScriptingObjects (0ms)
		CreateAndSetChildDomain (7ms)
	RebuildCommonClasses (467ms)
	RebuildNativeTypeToScriptingClass (84ms)
	initialDomainReloadingComplete (258ms)
	LoadAllAssembliesAndSetupDomain (1123ms)
		LoadAssemblies (2255ms)
		RebuildTransferFunctionScriptingTraits (0ms)
		AnalyzeDomain (1104ms)
			TypeCache.Refresh (1100ms)
				TypeCache.ScanAssembly (987ms)
			BuildScriptInfoCaches (1ms)
			ResolveRequiredComponents (1ms)
	FinalizeReload (2841ms)
		ReleaseScriptCaches (0ms)
		RebuildScriptCaches (0ms)
		SetupLoadedEditorAssemblies (2466ms)
			LogAssemblyErrors (0ms)
			InitializePlatformSupportModulesInManaged (60ms)
			SetLoadedEditorAssemblies (28ms)
			BeforeProcessingInitializeOnLoad (90ms)
			ProcessInitializeOnLoadAttributes (1683ms)
			ProcessInitializeOnLoadMethodAttributes (602ms)
			AfterProcessingInitializeOnLoad (0ms)
			EditorAssembliesLoaded (1ms)
		ExecutionOrderSort2 (0ms)
		AwakeInstancesAfterBackupRestoration (0ms)
========================================================================
Worker process is ready to serve import requests
Import Worker Mode flag is 0x00
Begin MonoManager ReloadAssembly
C:\build\output\Unity-Technologies\mono\mono\metadata\icall.c:1842:
C:\build\output\Unity-Technologies\mono\mono\metadata\icall.c:1842:
C:\build\output\Unity-Technologies\mono\mono\metadata\icall.c:1842:
C:\build\output\Unity-Technologies\mono\mono\metadata\icall.c:1842:
C:\build\output\Unity-Technologies\mono\mono\metadata\icall.c:1842:
C:\build\output\Unity-Technologies\mono\mono\metadata\icall.c:1842:
C:\build\output\Unity-Technologies\mono\mono\metadata\icall.c:1842:
C:\build\output\Unity-Technologies\mono\mono\metadata\icall.c:1842:
C:\build\output\Unity-Technologies\mono\mono\metadata\icall.c:1842:
C:\build\output\Unity-Technologies\mono\mono\metadata\icall.c:1842:
C:\build\output\Unity-Technologies\mono\mono\metadata\icall.c:1842:
C:\build\output\Unity-Technologies\mono\mono\metadata\icall.c:1842:
Symbol file LoadedFromMemory doesn't match image D:\BusStopGit\Newest-BusGit\BusStopNoCorrupt\Library\PackageCache\com.unity.visualscripting@1.8.0\Editor\VisualScripting.Core\Dependencies\YamlDotNet\Unity.VisualScripting.YamlDotNet.dll
Symbol file LoadedFromMemory doesn't match image D:\BusStopGit\Newest-BusGit\BusStopNoCorrupt\Library\PackageCache\com.unity.visualscripting@1.8.0\Editor\VisualScripting.Core\Dependencies\DotNetZip\Unity.VisualScripting.IonicZip.dll
- Loaded All Assemblies, in  8.098 seconds
Refreshing native plugins compatible for Editor in 18.63 ms, found 3 plugins.
Native extension for WindowsStandalone target not found
Package Manager log level set to [2]
[Package Manager] Failed to launch server process. Reason: Unity was launched with the -noUpm command-line argument
[Package Manager] Unable to send message (not connected to server process).
[Package Manager] Cannot connect to Unity Package Manager local server
Mono: successfully reloaded assembly
- Finished resetting the current domain, in  6.427 seconds
Domain Reload Profiling: 14524ms
	BeginReloadAssembly (2679ms)
		ExecutionOrderSort (0ms)
		DisableScriptedObjects (30ms)
		BackupInstance (0ms)
		ReleaseScriptingObjects (0ms)
		CreateAndSetChildDomain (351ms)
	RebuildCommonClasses (177ms)
	RebuildNativeTypeToScriptingClass (22ms)
	initialDomainReloadingComplete (134ms)
	LoadAllAssembliesAndSetupDomain (5077ms)
		LoadAssemblies (4275ms)
		RebuildTransferFunctionScriptingTraits (0ms)
		AnalyzeDomain (1774ms)
			TypeCache.Refresh (1641ms)
				TypeCache.ScanAssembly (1555ms)
			BuildScriptInfoCaches (92ms)
			ResolveRequiredComponents (28ms)
	FinalizeReload (6435ms)
		ReleaseScriptCaches (0ms)
		RebuildScriptCaches (0ms)
		SetupLoadedEditorAssemblies (5360ms)
			LogAssemblyErrors (0ms)
			InitializePlatformSupportModulesInManaged (22ms)
			SetLoadedEditorAssemblies (37ms)
			BeforeProcessingInitializeOnLoad (241ms)
			ProcessInitializeOnLoadAttributes (4846ms)
			ProcessInitializeOnLoadMethodAttributes (207ms)
			AfterProcessingInitializeOnLoad (3ms)
			EditorAssembliesLoaded (3ms)
		ExecutionOrderSort2 (0ms)
		AwakeInstancesAfterBackupRestoration (44ms)
Launched and connected shader compiler UnityShaderCompiler.exe after 0.05 seconds
Refreshing native plugins compatible for Editor in 3.40 ms, found 3 plugins.
Preloading 0 native plugins for Editor in 0.00 ms.
Unloading 95 Unused Serialized files (Serialized files now loaded: 0)
Unloading 3246 unused Assets / (1.0 MB). Loaded Objects now: 4021.
Memory consumption went from 155.2 MB to 154.2 MB.
Total: 55.701900 ms (FindLiveObjects: 1.578300 ms CreateObjectMapping: 5.839900 ms MarkObjects: 36.816400 ms  DeleteObjects: 11.462400 ms)

========================================================================
Received Import Request.
  Time since last request: 1766.094823 seconds.
  path: Assets/#NVJOB Slender/Slender/Materials
  artifactKey: Guid(094a405f417845a38aa250b1c602191c) Importer(815301076,1909f56bfc062723c751e8b465ee728b)
Start importing Assets/#NVJOB Slender/Slender/Materials using Guid(094a405f417845a38aa250b1c602191c) Importer(815301076,1909f56bfc062723c751e8b465ee728b) (PreviewImporter) -> (artifact id: '244b4e12aeaa5af076e3d30b376074c6') in 0.0200431 seconds
Number of updated asset objects reloaded before import = 0Number of asset objects unloaded after import = 0

========================================================================
Received Import Request.
  Time since last request: 15.352129 seconds.
  path: Assets/#NVJOB Slender/Example/Environment/Scripts/SlenderExample.cs
  artifactKey: Guid(4c849229eea847799633af02d5a21643) Importer(815301076,1909f56bfc062723c751e8b465ee728b)
Start importing Assets/#NVJOB Slender/Example/Environment/Scripts/SlenderExample.cs using Guid(4c849229eea847799633af02d5a21643) Importer(815301076,1909f56bfc062723c751e8b465ee728b) (PreviewImporter) -> (artifact id: 'c0dd9df821ab5ed9baf469048b9b883b') in 0.0009947 seconds
Number of updated asset objects reloaded before import = 0Number of asset objects unloaded after import = 0

========================================================================
Received Prepare
Begin MonoManager ReloadAssembly
C:\build\output\Unity-Technologies\mono\mono\metadata\icall.c:1842:
C:\build\output\Unity-Technologies\mono\mono\metadata\icall.c:1842:
C:\build\output\Unity-Technologies\mono\mono\metadata\icall.c:1842:
C:\build\output\Unity-Technologies\mono\mono\metadata\icall.c:1842:
C:\build\output\Unity-Technologies\mono\mono\metadata\icall.c:1842:
C:\build\output\Unity-Technologies\mono\mono\metadata\icall.c:1842:
C:\build\output\Unity-Technologies\mono\mono\metadata\icall.c:1842:
C:\build\output\Unity-Technologies\mono\mono\metadata\icall.c:1842:
C:\build\output\Unity-Technologies\mono\mono\metadata\icall.c:1842:
C:\build\output\Unity-Technologies\mono\mono\metadata\icall.c:1842:
C:\build\output\Unity-Technologies\mono\mono\metadata\icall.c:1842:
C:\build\output\Unity-Technologies\mono\mono\metadata\icall.c:1842:
Symbol file LoadedFromMemory doesn't match image D:\BusStopGit\Newest-BusGit\BusStopNoCorrupt\Library\PackageCache\com.unity.visualscripting@1.8.0\Editor\VisualScripting.Core\Dependencies\YamlDotNet\Unity.VisualScripting.YamlDotNet.dll
Symbol file LoadedFromMemory doesn't match image D:\BusStopGit\Newest-BusGit\BusStopNoCorrupt\Library\PackageCache\com.unity.visualscripting@1.8.0\Editor\VisualScripting.Core\Dependencies\DotNetZip\Unity.VisualScripting.IonicZip.dll
- Loaded All Assemblies, in 85.157 seconds
Refreshing native plugins compatible for Editor in 20.97 ms, found 3 plugins.
Native extension for WindowsStandalone target not found
Mono: successfully reloaded assembly
- Finished resetting the current domain, in 57.500 seconds
Domain Reload Profiling: 142820ms
	BeginReloadAssembly (30646ms)
		ExecutionOrderSort (3ms)
		DisableScriptedObjects (1111ms)
		BackupInstance (0ms)
		ReleaseScriptingObjects (7ms)
		CreateAndSetChildDomain (15300ms)
	RebuildCommonClasses (1763ms)
	RebuildNativeTypeToScriptingClass (1187ms)
	initialDomainReloadingComplete (1399ms)
	LoadAllAssembliesAndSetupDomain (50321ms)
		LoadAssemblies (38698ms)
		RebuildTransferFunctionScriptingTraits (0ms)
		AnalyzeDomain (23997ms)
			TypeCache.Refresh (2678ms)
				TypeCache.ScanAssembly (0ms)
			BuildScriptInfoCaches (20096ms)
			ResolveRequiredComponents (369ms)
	FinalizeReload (57503ms)
		ReleaseScriptCaches (0ms)
		RebuildScriptCaches (0ms)
		SetupLoadedEditorAssemblies (48668ms)
			LogAssemblyErrors (1ms)
			InitializePlatformSupportModulesInManaged (202ms)
			SetLoadedEditorAssemblies (290ms)
			BeforeProcessingInitializeOnLoad (7174ms)
			ProcessInitializeOnLoadAttributes (40573ms)
			ProcessInitializeOnLoadMethodAttributes (419ms)
			AfterProcessingInitializeOnLoad (6ms)
			EditorAssembliesLoaded (3ms)
		ExecutionOrderSort2 (1ms)
		AwakeInstancesAfterBackupRestoration (40ms)
Refreshing native plugins compatible for Editor in 2.96 ms, found 3 plugins.
Preloading 0 native plugins for Editor in 0.00 ms.
Unloading 6 Unused Serialized files (Serialized files now loaded: 0)
Unloading 3254 unused Assets / (161.3 KB). Loaded Objects now: 4023.
Memory consumption went from 137.0 MB to 136.8 MB.
Total: 57.216900 ms (FindLiveObjects: 30.455000 ms CreateObjectMapping: 1.378900 ms MarkObjects: 19.844700 ms  DeleteObjects: 5.533200 ms)

Prepare: number of updated asset objects reloaded= 0
========================================================================
Received Import Request.
  Time since last request: 2583.515693 seconds.
  path: Assets/#NVJOB Slender/Example/Environment/Standard Assets/Effects/ImageEffects
  artifactKey: Guid(7d75e9b62a1e44c8805ab51342b2c8a8) Importer(815301076,1909f56bfc062723c751e8b465ee728b)
Start importing Assets/#NVJOB Slender/Example/Environment/Standard Assets/Effects/ImageEffects using Guid(7d75e9b62a1e44c8805ab51342b2c8a8) Importer(815301076,1909f56bfc062723c751e8b465ee728b) (PreviewImporter) -> (artifact id: '77ea5fc9413b0aea442365984c2646aa') in 0.5520288 seconds
Number of updated asset objects reloaded before import = 0Number of asset objects unloaded after import = 0

========================================================================
Received Import Request.
  Time since last request: 2.466014 seconds.
  path: Assets/#NVJOB Slender/Example/Environment/Standard Assets/Effects/ImageEffects/Textures
  artifactKey: Guid(5f39908f1f4e44acbf8a87000c67118a) Importer(815301076,1909f56bfc062723c751e8b465ee728b)
Start importing Assets/#NVJOB Slender/Example/Environment/Standard Assets/Effects/ImageEffects/Textures using Guid(5f39908f1f4e44acbf8a87000c67118a) Importer(815301076,1909f56bfc062723c751e8b465ee728b) (PreviewImporter) -> (artifact id: '87cf89a69daa7213df5093ebc8b8f0bf') in 0.011922 seconds
Number of updated asset objects reloaded before import = 0Number of asset objects unloaded after import = 0

========================================================================
Received Import Request.
  Time since last request: 36.801845 seconds.
  path: Assets/#NVJOB Slender/Example/Environment/Standard Assets/Effects/ImageEffects/Scripts/DepthOfField.cs
  artifactKey: Guid(4bf40dc361d241f6b0ce012df6440928) Importer(815301076,1909f56bfc062723c751e8b465ee728b)
Start importing Assets/#NVJOB Slender/Example/Environment/Standard Assets/Effects/ImageEffects/Scripts/DepthOfField.cs using Guid(4bf40dc361d241f6b0ce012df6440928) Importer(815301076,1909f56bfc062723c751e8b465ee728b) (PreviewImporter) -> (artifact id: 'c1829297a30333a0110362a6dd38290f') in 0.0041918 seconds
Number of updated asset objects reloaded before import = 0Number of asset objects unloaded after import = 0

========================================================================
Received Import Request.
  Time since last request: 0.068029 seconds.
  path: Assets/#NVJOB Slender/Example/Environment/Standard Assets/Effects/ImageEffects/Textures/HexShape.psd
  artifactKey: Guid(7251702aa6bb4f4fb19ff470fda37a37) Importer(815301076,1909f56bfc062723c751e8b465ee728b)
Start importing Assets/#NVJOB Slender/Example/Environment/Standard Assets/Effects/ImageEffects/Textures/HexShape.psd using Guid(7251702aa6bb4f4fb19ff470fda37a37) Importer(815301076,1909f56bfc062723c751e8b465ee728b) (PreviewImporter) -> (artifact id: '1470d12f0e5dcef7074501e8724ddcc7') in 1.5870208 seconds
Number of updated asset objects reloaded before import = 0Number of asset objects unloaded after import = 2

========================================================================
Received Import Request.
  Time since last request: 3.430642 seconds.
  path: Assets/#NVJOB Slender/Example/Environment/Standard Assets/Effects/ImageEffects/Scripts/DepthOfFieldDeprecated.cs
  artifactKey: Guid(c5d8cc3f712c4cd5833720b861c1c461) Importer(815301076,1909f56bfc062723c751e8b465ee728b)
Start importing Assets/#NVJOB Slender/Example/Environment/Standard Assets/Effects/ImageEffects/Scripts/DepthOfFieldDeprecated.cs using Guid(c5d8cc3f712c4cd5833720b861c1c461) Importer(815301076,1909f56bfc062723c751e8b465ee728b) (PreviewImporter) -> (artifact id: 'a57545e736142e13bd89a057323dce1b') in 0.0025734 seconds
Number of updated asset objects reloaded before import = 0Number of asset objects unloaded after import = 0

========================================================================
Received Import Request.
  Time since last request: 0.039406 seconds.
  path: Assets/#NVJOB Slender/Example/Environment/Standard Assets/Effects/ImageEffects/Textures/SphereShape.psd
  artifactKey: Guid(e0a7e37c03cc4ce0b0700850f9fdcf45) Importer(815301076,1909f56bfc062723c751e8b465ee728b)
Start importing Assets/#NVJOB Slender/Example/Environment/Standard Assets/Effects/ImageEffects/Textures/SphereShape.psd using Guid(e0a7e37c03cc4ce0b0700850f9fdcf45) Importer(815301076,1909f56bfc062723c751e8b465ee728b) (PreviewImporter) -> (artifact id: '9ec52f143d922ee5ddac17f7b212493f') in 0.0132741 seconds
Number of updated asset objects reloaded before import = 0Number of asset objects unloaded after import = 2

========================================================================
Received Import Request.
  Time since last request: 1.223676 seconds.
  path: Assets/#NVJOB Slender/Example/Environment/Standard Assets/Effects/ImageEffects/Scripts/EdgeDetection.cs
  artifactKey: Guid(a9aba16ed7984954aa37f8084098130e) Importer(815301076,1909f56bfc062723c751e8b465ee728b)
Start importing Assets/#NVJOB Slender/Example/Environment/Standard Assets/Effects/ImageEffects/Scripts/EdgeDetection.cs using Guid(a9aba16ed7984954aa37f8084098130e) Importer(815301076,1909f56bfc062723c751e8b465ee728b) (PreviewImporter) -> (artifact id: 'fcf508dfbd1034479f78a1f7ec8284eb') in 0.0050467 seconds
Number of updated asset objects reloaded before import = 0Number of asset objects unloaded after import = 0

========================================================================
Received Import Request.
  Time since last request: 69.461664 seconds.
  path: Assets/#NVJOB Slender/Example/Environment/Standard Assets/Effects/ImageEffects/Shaders/frag_ao.cginc
  artifactKey: Guid(1717f602e66f491783eefd96b5e7a5f8) Importer(815301076,1909f56bfc062723c751e8b465ee728b)
Start importing Assets/#NVJOB Slender/Example/Environment/Standard Assets/Effects/ImageEffects/Shaders/frag_ao.cginc using Guid(1717f602e66f491783eefd96b5e7a5f8) Importer(815301076,1909f56bfc062723c751e8b465ee728b) (PreviewImporter) -> (artifact id: '727dfe62fcf779de735eff177349f733') in 0.0092965 seconds
Number of updated asset objects reloaded before import = 0Number of asset objects unloaded after import = 1

========================================================================
Received Prepare
Begin MonoManager ReloadAssembly
C:\build\output\Unity-Technologies\mono\mono\metadata\icall.c:1842:
C:\build\output\Unity-Technologies\mono\mono\metadata\icall.c:1842:
C:\build\output\Unity-Technologies\mono\mono\metadata\icall.c:1842:
C:\build\output\Unity-Technologies\mono\mono\metadata\icall.c:1842:
C:\build\output\Unity-Technologies\mono\mono\metadata\icall.c:1842:
C:\build\output\Unity-Technologies\mono\mono\metadata\icall.c:1842:
C:\build\output\Unity-Technologies\mono\mono\metadata\icall.c:1842:
C:\build\output\Unity-Technologies\mono\mono\metadata\icall.c:1842:
C:\build\output\Unity-Technologies\mono\mono\metadata\icall.c:1842:
C:\build\output\Unity-Technologies\mono\mono\metadata\icall.c:1842:
C:\build\output\Unity-Technologies\mono\mono\metadata\icall.c:1842:
C:\build\output\Unity-Technologies\mono\mono\metadata\icall.c:1842:
Symbol file LoadedFromMemory doesn't match image D:\BusStopGit\Newest-BusGit\BusStopNoCorrupt\Library\PackageCache\com.unity.visualscripting@1.8.0\Editor\VisualScripting.Core\Dependencies\YamlDotNet\Unity.VisualScripting.YamlDotNet.dll
Symbol file LoadedFromMemory doesn't match image D:\BusStopGit\Newest-BusGit\BusStopNoCorrupt\Library\PackageCache\com.unity.visualscripting@1.8.0\Editor\VisualScripting.Core\Dependencies\DotNetZip\Unity.VisualScripting.IonicZip.dll
- Loaded All Assemblies, in 78.184 seconds
Refreshing native plugins compatible for Editor in 20.27 ms, found 3 plugins.
Native extension for WindowsStandalone target not found
Mono: successfully reloaded assembly
- Finished resetting the current domain, in 40.362 seconds
Domain Reload Profiling: 118921ms
	BeginReloadAssembly (24036ms)
		ExecutionOrderSort (1ms)
		DisableScriptedObjects (146ms)
		BackupInstance (0ms)
		ReleaseScriptingObjects (6ms)
		CreateAndSetChildDomain (10031ms)
	RebuildCommonClasses (2141ms)
	RebuildNativeTypeToScriptingClass (379ms)
	initialDomainReloadingComplete (2580ms)
	LoadAllAssembliesAndSetupDomain (49363ms)
		LoadAssemblies (43578ms)
		RebuildTransferFunctionScriptingTraits (0ms)
		AnalyzeDomain (17062ms)
			TypeCache.Refresh (3082ms)
				TypeCache.ScanAssembly (0ms)
			BuildScriptInfoCaches (13079ms)
			ResolveRequiredComponents (137ms)
	FinalizeReload (40421ms)
		ReleaseScriptCaches (0ms)
		RebuildScriptCaches (0ms)
		SetupLoadedEditorAssemblies (27431ms)
			LogAssemblyErrors (0ms)
			InitializePlatformSupportModulesInManaged (73ms)
			SetLoadedEditorAssemblies (352ms)
			BeforeProcessingInitializeOnLoad (4129ms)
			ProcessInitializeOnLoadAttributes (20118ms)
			ProcessInitializeOnLoadMethodAttributes (2717ms)
			AfterProcessingInitializeOnLoad (38ms)
			EditorAssembliesLoaded (3ms)
		ExecutionOrderSort2 (1ms)
		AwakeInstancesAfterBackupRestoration (379ms)
Refreshing native plugins compatible for Editor in 91.95 ms, found 3 plugins.
Preloading 0 native plugins for Editor in 0.00 ms.
Unloading 6 Unused Serialized files (Serialized files now loaded: 0)
Unloading 3254 unused Assets / (150.4 KB). Loaded Objects now: 4026.
Memory consumption went from 138.9 MB to 138.8 MB.
Total: 361.881500 ms (FindLiveObjects: 137.949000 ms CreateObjectMapping: 11.825000 ms MarkObjects: 180.736800 ms  DeleteObjects: 31.360500 ms)

Prepare: number of updated asset objects reloaded= 0
